TeamCode/build/intermediates/manifest_merge_blame_file/debug/manifest-merger-blame-debug-report.txt
1<?xml version="1.0" encoding="utf-8"?>
2<!--
3 Note: the actual manifest file used in your APK merges this file with contributions
4     from the modules on which your app depends (such as FtcRobotController, etc).
5     So it won't ultimately be as empty as it might here appear to be :-)
6-->
7<!-- The package name here determines the package for your R class and your BuildConfig class -->
8<manifest xmlns:android="http://schemas.android.com/apk/res/android"
9    package="com.qualcomm.ftcrobotcontroller"
10    android:versionCode="36"
11    android:versionName="5.4" >
12
13    <uses-sdk
14        android:minSdkVersion="23"
14-->src/main/AndroidManifest.xml
15        android:targetSdkVersion="28" />
15-->src/main/AndroidManifest.xml
16
17    <uses-permission android:name="android.permission.REORDER_TASKS" />
17-->[androidx.test:core:1.2.0] AndroidManifest.xml:24:5-72
17-->[androidx.test:core:1.2.0] AndroidManifest.xml:24:22-69
18    <uses-permission android:name="android.permission.RECEIVE_BOOT_COMPLETED" />
18-->[:FtcRobotController] AndroidManifest.xml:12:5-81
18-->[:FtcRobotController] AndroidManifest.xml:12:22-78
19    <uses-permission
19-->[:RobotCore-release:] AndroidManifest.xml:11:5-13:35
20        android:name="android.permission.ACCESS_WIFI_STATE"
20-->[:RobotCore-release:] AndroidManifest.xml:12:9-60
21        android:required="true" />
21-->[:RobotCore-release:] AndroidManifest.xml:13:9-32
22    <uses-permission
22-->[:RobotCore-release:] AndroidManifest.xml:14:5-16:35
23        android:name="android.permission.CHANGE_WIFI_STATE"
23-->[:RobotCore-release:] AndroidManifest.xml:15:9-60
24        android:required="true" />
24-->[:RobotCore-release:] AndroidManifest.xml:16:9-32
25    <uses-permission android:name="android.permission.BLUETOOTH" />
25-->[:RobotCore-release:] AndroidManifest.xml:17:5-68
25-->[:RobotCore-release:] AndroidManifest.xml:17:22-65
26    <uses-permission
26-->[:RobotCore-release:] AndroidManifest.xml:18:5-20:35
27        android:name="android.permission.ACCESS_NETWORK_STATE"
27-->[:RobotCore-release:] AndroidManifest.xml:19:9-63
28        android:required="true" />
28-->[:RobotCore-release:] AndroidManifest.xml:20:9-32
29    <uses-permission
29-->[:RobotCore-release:] AndroidManifest.xml:21:5-23:35
30        android:name="android.permission.CHANGE_NETWORK_STATE"
30-->[:RobotCore-release:] AndroidManifest.xml:22:9-63
31        android:required="true" />
31-->[:RobotCore-release:] AndroidManifest.xml:23:9-32
32    <uses-permission
32-->[:RobotCore-release:] AndroidManifest.xml:24:5-26:35
33        android:name="android.permission.INTERNET"
33-->[:RobotCore-release:] AndroidManifest.xml:25:9-51
34        android:required="true" /> <!-- Classified as Dangerous Permission in SDK 26 -->
34-->[:RobotCore-release:] AndroidManifest.xml:26:9-32
35    <uses-permission
35-->[:RobotCore-release:] AndroidManifest.xml:29:5-31:35
36        android:name="android.permission.WRITE_EXTERNAL_STORAGE"
36-->[:RobotCore-release:] AndroidManifest.xml:30:9-65
37        android:required="true" /> <!-- Classified as Dangerous Permission in SDK 26 -->
37-->[:RobotCore-release:] AndroidManifest.xml:31:9-32
38    <uses-permission
38-->[:RobotCore-release:] AndroidManifest.xml:33:5-35:35
39        android:name="android.permission.READ_EXTERNAL_STORAGE"
39-->[:RobotCore-release:] AndroidManifest.xml:34:9-64
40        android:required="true" /> <!-- Classified as System Permission in SDK 26 -->
40-->[:RobotCore-release:] AndroidManifest.xml:35:9-32
41    <uses-permission
41-->[:RobotCore-release:] AndroidManifest.xml:38:5-40:35
42        android:name="android.permission.WRITE_SETTINGS"
42-->[:RobotCore-release:] AndroidManifest.xml:39:9-57
43        android:required="true" /> <!-- see AppUtil.setTimeZone() -->
43-->[:RobotCore-release:] AndroidManifest.xml:40:9-32
44    <uses-permission
44-->[:RobotCore-release:] AndroidManifest.xml:43:5-45:35
45        android:name="android.permission.SET_TIME_ZONE"
45-->[:RobotCore-release:] AndroidManifest.xml:44:9-56
46        android:required="true" />
46-->[:RobotCore-release:] AndroidManifest.xml:45:9-32
47    <!--
48  Note: we suspect that this (android.permission.WAKE_LOCK) is no
49  longer needed, but haven't yet found the time necessary to verify
50  that assertion before removing it
51    -->
52    <uses-permission
52-->[:RobotCore-release:] AndroidManifest.xml:52:5-54:35
53        android:name="android.permission.WAKE_LOCK"
53-->[:RobotCore-release:] AndroidManifest.xml:53:9-52
54        android:required="true" />
54-->[:RobotCore-release:] AndroidManifest.xml:54:9-32
55    <uses-permission android:name="android.permission.CAMERA" />
55-->[:RobotCore-release:] AndroidManifest.xml:55:5-65
55-->[:RobotCore-release:] AndroidManifest.xml:55:22-62
56    <uses-permission
56-->[:RobotCore-release:] AndroidManifest.xml:56:5-58:35
57        android:name="android.permission.ACCESS_COARSE_LOCATION"
57-->[:RobotCore-release:] AndroidManifest.xml:57:9-65
58        android:required="true" />
58-->[:RobotCore-release:] AndroidManifest.xml:58:9-32
59    <uses-permission
59-->[:RobotCore-release:] AndroidManifest.xml:59:5-61:35
60        android:name="android.permission.ACCESS_FINE_LOCATION"
60-->[:RobotCore-release:] AndroidManifest.xml:60:9-63
61        android:required="true" />
61-->[:RobotCore-release:] AndroidManifest.xml:61:9-32
62    <uses-permission
62-->[:RobotCore-release:] AndroidManifest.xml:62:5-64:35
63        android:name="android.permission.READ_PHONE_STATE"
63-->[:RobotCore-release:] AndroidManifest.xml:63:9-59
64        android:required="true" />
64-->[:RobotCore-release:] AndroidManifest.xml:64:9-32
65    <uses-permission
65-->[:RobotCore-release:] AndroidManifest.xml:65:5-67:35
66        android:name="com.revrobotics.permission.UPDATE_CONTROL_HUB"
66-->[:RobotCore-release:] AndroidManifest.xml:66:9-69
67        android:required="true" />
67-->[:RobotCore-release:] AndroidManifest.xml:67:9-32
68
69    <uses-feature android:name="android.hardware.usb.accessory" />
69-->[:RobotCore-release:] AndroidManifest.xml:69:5-67
69-->[:RobotCore-release:] AndroidManifest.xml:69:19-64
70    <uses-feature android:glEsVersion="0x00020000" />
70-->[:RobotCore-release:] AndroidManifest.xml:70:5-54
70-->[:RobotCore-release:] AndroidManifest.xml:70:19-51
71    <!--
72        NOTE: Any application that requests the CAMERA permission but does not
73        declare any camera features with the <uses-feature> element will be
74        assumed to use all camera features (auto-focus and flash). Thus, the
75        application will not be compatible with devices that do not support
76        all camera features. We use <uses-feature> to declare only the
77        camera features that our application does need. For instance, if you
78        request the CAMERA permission, but you do not need auto-focus or
79        flash, then declare only the android.hardware.camera feature. The
80        other camera features that you do not request will no longer be
81        assumed as required.
82    -->
83    <uses-feature android:name="android.hardware.camera" />
83-->[:RobotCore-release:] AndroidManifest.xml:84:5-60
83-->[:RobotCore-release:] AndroidManifest.xml:84:19-57
84
85    <uses-permission android:name="android.permission.BLUETOOTH_ADMIN" />
85-->[:Inspection-release:] AndroidManifest.xml:12:5-74
85-->[:Inspection-release:] AndroidManifest.xml:12:22-71
86
87    <application
87-->src/main/AndroidManifest.xml:11:5-19
88        android:name="org.firstinspires.ftc.robotcore.internal.system.RobotApplication"
88-->[:RobotCore-release:] AndroidManifest.xml:86:18-97
89        android:allowBackup="true"
89-->[:FtcRobotController] AndroidManifest.xml:15:9-35
90        android:appComponentFactory="android.support.v4.app.CoreComponentFactory"
90-->[com.android.support:support-compat:28.0.0] AndroidManifest.xml:22:18-91
91        android:debuggable="true"
92        android:extractNativeLibs="false"
93        android:icon="@drawable/ic_launcher"
93-->[:FtcRobotController] AndroidManifest.xml:16:9-45
94        android:label="@string/app_name"
94-->[:FtcRobotController] AndroidManifest.xml:17:9-41
95        android:largeHeap="true"
95-->[:FtcRobotController] AndroidManifest.xml:18:9-33
96        android:theme="@style/AppThemeRedRC" >
96-->[:FtcRobotController] AndroidManifest.xml:19:9-45
97        <activity
97-->[androidx.test:core:1.2.0] AndroidManifest.xml:27:9-33:20
98            android:name="androidx.test.core.app.InstrumentationActivityInvoker$BootstrapActivity"
98-->[androidx.test:core:1.2.0] AndroidManifest.xml:28:13-99
99            android:theme="@android:style/Theme" >
99-->[androidx.test:core:1.2.0] AndroidManifest.xml:29:13-49
100            <intent-filter>
100-->[androidx.test:core:1.2.0] AndroidManifest.xml:30:13-32:29
101                <action android:name="android.intent.action.MAIN" />
101-->[androidx.test:core:1.2.0] AndroidManifest.xml:31:17-69
101-->[androidx.test:core:1.2.0] AndroidManifest.xml:31:25-66
102            </intent-filter>
103        </activity>
104        <activity
104-->[androidx.test:core:1.2.0] AndroidManifest.xml:34:9-40:20
105            android:name="androidx.test.core.app.InstrumentationActivityInvoker$EmptyActivity"
105-->[androidx.test:core:1.2.0] AndroidManifest.xml:35:13-95
106            android:theme="@android:style/Theme" >
106-->[androidx.test:core:1.2.0] AndroidManifest.xml:36:13-49
107            <intent-filter>
107-->[androidx.test:core:1.2.0] AndroidManifest.xml:30:13-32:29
108                <action android:name="android.intent.action.MAIN" />
108-->[androidx.test:core:1.2.0] AndroidManifest.xml:31:17-69
108-->[androidx.test:core:1.2.0] AndroidManifest.xml:31:25-66
109            </intent-filter>
110        </activity>
111        <activity
111-->[androidx.test:core:1.2.0] AndroidManifest.xml:41:9-47:20
112            android:name="androidx.test.core.app.InstrumentationActivityInvoker$EmptyFloatingActivity"
112-->[androidx.test:core:1.2.0] AndroidManifest.xml:42:13-103
113            android:theme="@android:style/Theme.Dialog" >
113-->[androidx.test:core:1.2.0] AndroidManifest.xml:43:13-56
114            <intent-filter>
114-->[androidx.test:core:1.2.0] AndroidManifest.xml:30:13-32:29
115                <action android:name="android.intent.action.MAIN" />
115-->[androidx.test:core:1.2.0] AndroidManifest.xml:31:17-69
115-->[androidx.test:core:1.2.0] AndroidManifest.xml:31:25-66
116            </intent-filter>
117        </activity> <!-- Indicates to the ControlHubUpdater what the latest version of the Control Hub is that this app supports -->
118        <meta-data
118-->[:FtcRobotController] AndroidManifest.xml:22:9-24:33
119            android:name="org.firstinspires.latestSupportedControlHubVersion"
119-->[:FtcRobotController] AndroidManifest.xml:23:13-78
120            android:value="1" /> <!-- The main robot controller activity -->
120-->[:FtcRobotController] AndroidManifest.xml:24:13-30
121        <activity
121-->[:FtcRobotController] AndroidManifest.xml:27:9-38:20
122            android:name="org.firstinspires.ftc.robotcontroller.internal.PermissionValidatorWrapper"
122-->[:FtcRobotController] AndroidManifest.xml:28:13-101
123            android:configChanges="orientation|screenSize"
123-->[:FtcRobotController] AndroidManifest.xml:29:13-59
124            android:label="@string/app_name"
124-->[:FtcRobotController] AndroidManifest.xml:30:13-45
125            android:launchMode="singleTask"
125-->[:FtcRobotController] AndroidManifest.xml:31:13-44
126            android:screenOrientation="fullUser" >
126-->[:FtcRobotController] AndroidManifest.xml:32:13-49
127            <intent-filter>
127-->[:FtcRobotController] AndroidManifest.xml:33:13-37:29
128                <category android:name="android.intent.category.LAUNCHER" />
128-->[:FtcRobotController] AndroidManifest.xml:34:17-77
128-->[:FtcRobotController] AndroidManifest.xml:34:27-74
129
130                <action android:name="android.intent.action.MAIN" />
130-->[androidx.test:core:1.2.0] AndroidManifest.xml:31:17-69
130-->[androidx.test:core:1.2.0] AndroidManifest.xml:31:25-66
131            </intent-filter>
132        </activity>
133        <activity
133-->[:FtcRobotController] AndroidManifest.xml:39:9-57:20
134            android:name="org.firstinspires.ftc.robotcontroller.internal.FtcRobotControllerActivity"
134-->[:FtcRobotController] AndroidManifest.xml:40:13-101
135            android:configChanges="orientation|screenSize"
135-->[:FtcRobotController] AndroidManifest.xml:41:13-59
136            android:label="@string/app_name"
136-->[:FtcRobotController] AndroidManifest.xml:42:13-45
137            android:launchMode="singleTask"
137-->[:FtcRobotController] AndroidManifest.xml:43:13-44
138            android:screenOrientation="fullUser" >
138-->[:FtcRobotController] AndroidManifest.xml:44:13-49
139            <intent-filter>
139-->[:FtcRobotController] AndroidManifest.xml:45:13-47:29
140                <action android:name="android.hardware.usb.action.USB_DEVICE_ATTACHED" />
140-->[:FtcRobotController] AndroidManifest.xml:46:17-90
140-->[:FtcRobotController] AndroidManifest.xml:46:25-87
141            </intent-filter>
142
143            <meta-data
143-->[:FtcRobotController] AndroidManifest.xml:49:13-51:57
144                android:name="android.hardware.usb.action.USB_DEVICE_ATTACHED"
144-->[:FtcRobotController] AndroidManifest.xml:50:17-79
145                android:resource="@xml/device_filter" />
145-->[:FtcRobotController] AndroidManifest.xml:51:17-54
146
147            <!-- org.firstinspires.main.entry indicates that this app is compatible with the Dragonboard Control Hub -->
148            <meta-data
148-->[:FtcRobotController] AndroidManifest.xml:54:13-56:40
149                android:name="org.firstinspires.main.entry"
149-->[:FtcRobotController] AndroidManifest.xml:55:17-60
150                android:value="true" />
150-->[:FtcRobotController] AndroidManifest.xml:56:17-37
151        </activity> <!-- The robot controller service in which most of the robot functionality is managed -->
152        <service
152-->[:FtcRobotController] AndroidManifest.xml:60:9-62:38
153            android:name="com.qualcomm.ftccommon.FtcRobotControllerService"
153-->[:FtcRobotController] AndroidManifest.xml:61:13-76
154            android:enabled="true" /> <!-- Service that keeps desktop folders up to date with respect to actual phone file system contents -->
154-->[:FtcRobotController] AndroidManifest.xml:62:13-35
155        <service
155-->[:RobotCore-release:] AndroidManifest.xml:89:9-91:38
156            android:name="org.firstinspires.ftc.robotcore.internal.files.MediaTransferProtocolMonitorService"
156-->[:RobotCore-release:] AndroidManifest.xml:90:13-110
157            android:enabled="true" />
157-->[:RobotCore-release:] AndroidManifest.xml:91:13-35
158
159        <meta-data
159-->[:RobotCore-release:] AndroidManifest.xml:93:9-95:41
160            android:name="autoStartService.org.firstinspires.ftc.robotcore.internal.files.MediaTransferProtocolMonitorService"
160-->[:RobotCore-release:] AndroidManifest.xml:94:13-127
161            android:value="BOTH|1000" /> <!-- Service that provides build services for OnBotJava -->
161-->[:RobotCore-release:] AndroidManifest.xml:95:13-38
162        <service
162-->[:RobotCore-release:] AndroidManifest.xml:98:9-100:38
163            android:name="org.firstinspires.ftc.onbotjava.OnBotJavaService"
163-->[:RobotCore-release:] AndroidManifest.xml:99:13-76
164            android:enabled="true" />
164-->[:RobotCore-release:] AndroidManifest.xml:100:13-35
165
166        <meta-data
166-->[:RobotCore-release:] AndroidManifest.xml:102:9-104:39
167            android:name="autoStartService.org.firstinspires.ftc.onbotjava.OnBotJavaService"
167-->[:RobotCore-release:] AndroidManifest.xml:103:13-93
168            android:value="RC|2000" />
168-->[:RobotCore-release:] AndroidManifest.xml:104:13-36
169
170        <receiver
170-->[:RobotCore-release:] AndroidManifest.xml:106:9-113:20
171            android:name="org.firstinspires.ftc.robotserver.internal.webserver.controlhubupdater.ChUpdaterCommManager$ChUpdaterBroadcastReceiver"
171-->[:RobotCore-release:] AndroidManifest.xml:107:13-146
172            android:exported="true"
172-->[:RobotCore-release:] AndroidManifest.xml:108:13-36
173            android:permission="android.permission.INSTALL_PACKAGES" >
173-->[:RobotCore-release:] AndroidManifest.xml:109:13-69
174            <intent-filter>
174-->[:RobotCore-release:] AndroidManifest.xml:110:13-112:29
175                <action android:name="com.revrobotics.controlhubupdater.broadcast.RESULT_BROADCAST" />
175-->[:RobotCore-release:] AndroidManifest.xml:111:17-103
175-->[:RobotCore-release:] AndroidManifest.xml:111:25-100
176            </intent-filter>
177        </receiver>
178
179        <activity
179-->[:FtcCommon-release:] AndroidManifest.xml:26:9-30:20
180            android:name="com.qualcomm.ftccommon.FtcRobotControllerSettingsActivity"
180-->[:FtcCommon-release:] AndroidManifest.xml:27:13-85
181            android:exported="true"
181-->[:FtcCommon-release:] AndroidManifest.xml:28:13-36
182            android:label="@string/settings_activity" >
182-->[:FtcCommon-release:] AndroidManifest.xml:29:13-54
183        </activity>
184        <activity
184-->[:FtcCommon-release:] AndroidManifest.xml:31:9-36:20
185            android:name="com.qualcomm.ftccommon.configuration.FtcLoadFileActivity"
185-->[:FtcCommon-release:] AndroidManifest.xml:32:13-84
186            android:configChanges="orientation|screenSize"
186-->[:FtcCommon-release:] AndroidManifest.xml:33:13-59
187            android:exported="true"
187-->[:FtcCommon-release:] AndroidManifest.xml:34:13-36
188            android:label="@string/configure_activity" >
188-->[:FtcCommon-release:] AndroidManifest.xml:35:13-55
189        </activity>
190        <activity
190-->[:FtcCommon-release:] AndroidManifest.xml:37:9-42:20
191            android:name="com.qualcomm.ftccommon.configuration.ConfigureFromTemplateActivity"
191-->[:FtcCommon-release:] AndroidManifest.xml:38:13-94
192            android:configChanges="orientation|screenSize"
192-->[:FtcCommon-release:] AndroidManifest.xml:39:13-59
193            android:exported="true"
193-->[:FtcCommon-release:] AndroidManifest.xml:40:13-36
194            android:label="@string/title_activity_configfromtemplate" >
194-->[:FtcCommon-release:] AndroidManifest.xml:41:13-70
195        </activity>
196        <activity
196-->[:FtcCommon-release:] AndroidManifest.xml:43:9-48:20
197            android:name="com.qualcomm.ftccommon.ViewLogsActivity"
197-->[:FtcCommon-release:] AndroidManifest.xml:44:13-67
198            android:configChanges="orientation|screenSize"
198-->[:FtcCommon-release:] AndroidManifest.xml:45:13-59
199            android:exported="true"
199-->[:FtcCommon-release:] AndroidManifest.xml:46:13-36
200            android:label="@string/view_logs_activity" >
200-->[:FtcCommon-release:] AndroidManifest.xml:47:13-55
201        </activity>
202        <activity
202-->[:FtcCommon-release:] AndroidManifest.xml:49:9-53:20
203            android:name="com.qualcomm.ftccommon.configuration.FtcConfigurationActivity"
203-->[:FtcCommon-release:] AndroidManifest.xml:50:13-89
204            android:configChanges="orientation|screenSize"
204-->[:FtcCommon-release:] AndroidManifest.xml:51:13-59
205            android:label="@string/app_name" >
205-->[:FtcCommon-release:] AndroidManifest.xml:52:13-45
206        </activity>
207        <activity
207-->[:FtcCommon-release:] AndroidManifest.xml:54:9-58:20
208            android:name="com.qualcomm.ftccommon.configuration.FtcNewFileActivity"
208-->[:FtcCommon-release:] AndroidManifest.xml:55:13-83
209            android:configChanges="orientation|screenSize"
209-->[:FtcCommon-release:] AndroidManifest.xml:56:13-59
210            android:label="@string/app_name" >
210-->[:FtcCommon-release:] AndroidManifest.xml:57:13-45
211        </activity>
212        <activity
212-->[:FtcCommon-release:] AndroidManifest.xml:59:9-62:73
213            android:name="com.qualcomm.ftccommon.ConfigWifiDirectActivity"
213-->[:FtcCommon-release:] AndroidManifest.xml:60:13-75
214            android:exported="true"
214-->[:FtcCommon-release:] AndroidManifest.xml:61:13-36
215            android:label="@string/title_activity_config_wifi_direct" />
215-->[:FtcCommon-release:] AndroidManifest.xml:62:13-70
216        <activity
216-->[:FtcCommon-release:] AndroidManifest.xml:63:9-67:20
217            android:name="com.qualcomm.ftccommon.FtcAdvancedRCSettingsActivity"
217-->[:FtcCommon-release:] AndroidManifest.xml:64:13-80
218            android:exported="true"
218-->[:FtcCommon-release:] AndroidManifest.xml:65:13-36
219            android:label="@string/titleAdvancedRCSettings" >
219-->[:FtcCommon-release:] AndroidManifest.xml:66:13-60
220        </activity>
221        <activity
221-->[:FtcCommon-release:] AndroidManifest.xml:68:9-71:20
222            android:name="com.qualcomm.ftccommon.FtcLynxFirmwareUpdateActivity"
222-->[:FtcCommon-release:] AndroidManifest.xml:69:13-80
223            android:exported="true" >
223-->[:FtcCommon-release:] AndroidManifest.xml:70:13-36
224        </activity>
225        <activity
225-->[:FtcCommon-release:] AndroidManifest.xml:72:9-75:20
226            android:name="com.qualcomm.ftccommon.FtcLynxModuleAddressUpdateActivity"
226-->[:FtcCommon-release:] AndroidManifest.xml:73:13-85
227            android:exported="true" >
227-->[:FtcCommon-release:] AndroidManifest.xml:74:13-36
228        </activity>
229        <activity
229-->[:FtcCommon-release:] AndroidManifest.xml:76:9-80:20
230            android:name="com.qualcomm.ftccommon.FtcWifiDirectChannelSelectorActivity"
230-->[:FtcCommon-release:] AndroidManifest.xml:77:13-87
231            android:exported="true"
231-->[:FtcCommon-release:] AndroidManifest.xml:78:13-36
232            android:label="@string/title_activity_wifi_channel_selector" >
232-->[:FtcCommon-release:] AndroidManifest.xml:79:13-73
233        </activity>
234        <activity
234-->[:FtcCommon-release:] AndroidManifest.xml:81:9-85:20
235            android:name="com.qualcomm.ftccommon.FtcWifiDirectRememberedGroupsActivity"
235-->[:FtcCommon-release:] AndroidManifest.xml:82:13-88
236            android:exported="true"
236-->[:FtcCommon-release:] AndroidManifest.xml:83:13-36
237            android:label="@string/title_activity_wifi_remembered_groups_editor" >
237-->[:FtcCommon-release:] AndroidManifest.xml:84:13-81
238        </activity>
239        <activity
239-->[:FtcCommon-release:] AndroidManifest.xml:86:9-89:20
240            android:name="com.qualcomm.ftccommon.AboutActivity"
240-->[:FtcCommon-release:] AndroidManifest.xml:87:13-64
241            android:label="@string/about_activity" >
241-->[:FtcCommon-release:] AndroidManifest.xml:88:13-51
242        </activity>
243        <activity
243-->[:FtcCommon-release:] AndroidManifest.xml:90:9-93:20
244            android:name="com.qualcomm.ftccommon.FtcAboutActivity"
244-->[:FtcCommon-release:] AndroidManifest.xml:91:13-67
245            android:label="@string/ftc_about_activity" >
245-->[:FtcCommon-release:] AndroidManifest.xml:92:13-55
246        </activity>
247        <activity
247-->[:FtcCommon-release:] AndroidManifest.xml:94:9-99:20
248            android:name="com.qualcomm.ftccommon.configuration.EditSwapUsbDevices"
248-->[:FtcCommon-release:] AndroidManifest.xml:95:13-83
249            android:configChanges="orientation|screenSize"
249-->[:FtcCommon-release:] AndroidManifest.xml:96:13-59
250            android:label="@string/edit_swap_devices_activity"
250-->[:FtcCommon-release:] AndroidManifest.xml:97:13-63
251            android:windowSoftInputMode="stateHidden" >
251-->[:FtcCommon-release:] AndroidManifest.xml:98:13-54
252        </activity>
253        <activity
253-->[:FtcCommon-release:] AndroidManifest.xml:100:9-105:20
254            android:name="com.qualcomm.ftccommon.configuration.EditMotorControllerActivity"
254-->[:FtcCommon-release:] AndroidManifest.xml:101:13-92
255            android:configChanges="orientation|screenSize"
255-->[:FtcCommon-release:] AndroidManifest.xml:102:13-59
256            android:label="@string/edit_motor_controller_activity"
256-->[:FtcCommon-release:] AndroidManifest.xml:103:13-67
257            android:windowSoftInputMode="stateHidden" >
257-->[:FtcCommon-release:] AndroidManifest.xml:104:13-54
258        </activity>
259        <activity
259-->[:FtcCommon-release:] AndroidManifest.xml:106:9-111:20
260            android:name="com.qualcomm.ftccommon.configuration.EditLegacyMotorControllerActivity"
260-->[:FtcCommon-release:] AndroidManifest.xml:107:13-98
261            android:configChanges="orientation|screenSize"
261-->[:FtcCommon-release:] AndroidManifest.xml:108:13-59
262            android:label="@string/edit_motor_controller_activity"
262-->[:FtcCommon-release:] AndroidManifest.xml:109:13-67
263            android:windowSoftInputMode="stateHidden" >
263-->[:FtcCommon-release:] AndroidManifest.xml:110:13-54
264        </activity>
265        <activity
265-->[:FtcCommon-release:] AndroidManifest.xml:112:9-117:20
266            android:name="com.qualcomm.ftccommon.configuration.EditMotorListActivity"
266-->[:FtcCommon-release:] AndroidManifest.xml:113:13-86
267            android:configChanges="orientation|screenSize"
267-->[:FtcCommon-release:] AndroidManifest.xml:114:13-59
268            android:label="@string/edit_motor_controller_activity"
268-->[:FtcCommon-release:] AndroidManifest.xml:115:13-67
269            android:windowSoftInputMode="stateHidden" >
269-->[:FtcCommon-release:] AndroidManifest.xml:116:13-54
270        </activity>
271        <activity
271-->[:FtcCommon-release:] AndroidManifest.xml:118:9-123:20
272            android:name="com.qualcomm.ftccommon.configuration.EditServoControllerActivity"
272-->[:FtcCommon-release:] AndroidManifest.xml:119:13-92
273            android:configChanges="orientation|screenSize"
273-->[:FtcCommon-release:] AndroidManifest.xml:120:13-59
274            android:label="@string/edit_servo_controller_activity"
274-->[:FtcCommon-release:] AndroidManifest.xml:121:13-67
275            android:windowSoftInputMode="stateHidden|adjustResize" >
275-->[:FtcCommon-release:] AndroidManifest.xml:122:13-67
276        </activity>
277        <activity
277-->[:FtcCommon-release:] AndroidManifest.xml:124:9-129:20
278            android:name="com.qualcomm.ftccommon.configuration.EditLegacyServoControllerActivity"
278-->[:FtcCommon-release:] AndroidManifest.xml:125:13-98
279            android:configChanges="orientation|screenSize"
279-->[:FtcCommon-release:] AndroidManifest.xml:126:13-59
280            android:label="@string/edit_servo_controller_activity"
280-->[:FtcCommon-release:] AndroidManifest.xml:127:13-67
281            android:windowSoftInputMode="stateHidden|adjustResize" >
281-->[:FtcCommon-release:] AndroidManifest.xml:128:13-67
282        </activity>
283        <activity
283-->[:FtcCommon-release:] AndroidManifest.xml:130:9-135:20
284            android:name="com.qualcomm.ftccommon.configuration.EditServoListActivity"
284-->[:FtcCommon-release:] AndroidManifest.xml:131:13-86
285            android:configChanges="orientation|screenSize"
285-->[:FtcCommon-release:] AndroidManifest.xml:132:13-59
286            android:label="@string/edit_servo_controller_activity"
286-->[:FtcCommon-release:] AndroidManifest.xml:133:13-67
287            android:windowSoftInputMode="stateHidden|adjustResize" >
287-->[:FtcCommon-release:] AndroidManifest.xml:134:13-67
288        </activity>
289        <activity
289-->[:FtcCommon-release:] AndroidManifest.xml:136:9-141:20
290            android:name="com.qualcomm.ftccommon.configuration.EditLegacyModuleControllerActivity"
290-->[:FtcCommon-release:] AndroidManifest.xml:137:13-99
291            android:configChanges="orientation|screenSize"
291-->[:FtcCommon-release:] AndroidManifest.xml:138:13-59
292            android:label="@string/edit_legacy_module_controller_activity"
292-->[:FtcCommon-release:] AndroidManifest.xml:139:13-75
293            android:windowSoftInputMode="stateHidden|adjustResize" >
293-->[:FtcCommon-release:] AndroidManifest.xml:140:13-67
294        </activity>
295        <activity
295-->[:FtcCommon-release:] AndroidManifest.xml:142:9-147:20
296            android:name="com.qualcomm.ftccommon.configuration.EditMatrixControllerActivity"
296-->[:FtcCommon-release:] AndroidManifest.xml:143:13-93
297            android:configChanges="orientation|screenSize"
297-->[:FtcCommon-release:] AndroidManifest.xml:144:13-59
298            android:label="@string/edit_matrix_controller_activity"
298-->[:FtcCommon-release:] AndroidManifest.xml:145:13-68
299            android:windowSoftInputMode="stateHidden|adjustResize" >
299-->[:FtcCommon-release:] AndroidManifest.xml:146:13-67
300        </activity>
301        <activity
301-->[:FtcCommon-release:] AndroidManifest.xml:148:9-153:20
302            android:name="com.qualcomm.ftccommon.configuration.EditDeviceInterfaceModuleActivity"
302-->[:FtcCommon-release:] AndroidManifest.xml:149:13-98
303            android:configChanges="orientation|screenSize"
303-->[:FtcCommon-release:] AndroidManifest.xml:150:13-59
304            android:label="@string/edit_core_device_interface_module_controller_activity"
304-->[:FtcCommon-release:] AndroidManifest.xml:151:13-90
305            android:windowSoftInputMode="stateHidden|adjustResize" >
305-->[:FtcCommon-release:] AndroidManifest.xml:152:13-67
306        </activity>
307        <activity
307-->[:FtcCommon-release:] AndroidManifest.xml:154:9-159:20
308            android:name="com.qualcomm.ftccommon.configuration.EditLynxModuleActivity"
308-->[:FtcCommon-release:] AndroidManifest.xml:155:13-87
309            android:configChanges="orientation|screenSize"
309-->[:FtcCommon-release:] AndroidManifest.xml:156:13-59